2023-09-04 10:53:05,170 ERROR [main][SpringApplication.java:837] - Application run failed
org.springframework.context.ApplicationContextException: Failed to start bean 'documentationPluginsBootstrapper'; nested exception is com.google.common.util.concurrent.ExecutionError: com.google.common.util.concurrent.ExecutionError: java.lang.NoClassDefFoundError: org/apache/ibatis/type/JdbcType
	at org.springframework.context.support.DefaultLifecycleProcessor.doStart(DefaultLifecycleProcessor.java:185)
	at org.springframework.context.support.DefaultLifecycleProcessor.access$200(DefaultLifecycleProcessor.java:53)
	at org.springframework.context.support.DefaultLifecycleProcessor$LifecycleGroup.start(DefaultLifecycleProcessor.java:360)
	at org.springframework.context.support.DefaultLifecycleProcessor.startBeans(DefaultLifecycleProcessor.java:158)
	at org.springframework.context.support.DefaultLifecycleProcessor.onRefresh(DefaultLifecycleProcessor.java:122)
	at org.springframework.context.support.AbstractApplicationContext.finishRefresh(AbstractApplicationContext.java:895)
	at org.springframework.context.support.AbstractApplicationContext.refresh(AbstractApplicationContext.java:554)
	at org.springframework.boot.web.servlet.context.ServletWebServerApplicationContext.refresh(ServletWebServerApplicationContext.java:143)
	at org.springframework.boot.SpringApplication.refresh(SpringApplication.java:758)
	at org.springframework.boot.SpringApplication.refresh(SpringApplication.java:750)
	at org.springframework.boot.SpringApplication.refreshContext(SpringApplication.java:405)
	at org.springframework.boot.SpringApplication.run(SpringApplication.java:315)
	at org.springframework.boot.SpringApplication.run(SpringApplication.java:1237)
	at org.springframework.boot.SpringApplication.run(SpringApplication.java:1226)
	at com.xuecheng.ContentApplication.main(ContentApplication.java:11)
Caused by: com.google.common.util.concurrent.ExecutionError: com.google.common.util.concurrent.ExecutionError: java.lang.NoClassDefFoundError: org/apache/ibatis/type/JdbcType
	at com.google.common.cache.LocalCache$Segment.get(LocalCache.java:2050)
	at com.google.common.cache.LocalCache.get(LocalCache.java:3948)
	at com.google.common.cache.LocalCache.getOrLoad(LocalCache.java:3972)
	at com.google.common.cache.LocalCache$LocalLoadingCache.get(LocalCache.java:4957)
	at springfox.documentation.schema.CachingModelDependencyProvider.dependentModels(CachingModelDependencyProvider.java:58)
	at springfox.documentation.schema.DefaultModelProvider.dependencies(DefaultModelProvider.java:128)
	at springfox.documentation.schema.CachingModelProvider.dependencies(CachingModelProvider.java:68)
	at springfox.documentation.spring.web.scanners.ApiModelReader.populateDependencies(ApiModelReader.java:136)
	at springfox.documentation.spring.web.scanners.ApiModelReader.read(ApiModelReader.java:78)
	at springfox.documentation.spring.web.scanners.ApiListingScanner.scan(ApiListingScanner.java:133)
	at springfox.documentation.spring.web.scanners.ApiDocumentationScanner.scan(ApiDocumentationScanner.java:71)
	at springfox.documentation.spring.web.plugins.DocumentationPluginsBootstrapper.scanDocumentation(DocumentationPluginsBootstrapper.java:101)
	at springfox.documentation.spring.web.plugins.DocumentationPluginsBootstrapper.start(DocumentationPluginsBootstrapper.java:167)
	at org.springframework.context.support.DefaultLifecycleProcessor.doStart(DefaultLifecycleProcessor.java:182)
	... 14 more
Caused by: com.google.common.util.concurrent.ExecutionError: java.lang.NoClassDefFoundError: org/apache/ibatis/type/JdbcType
	at com.google.common.cache.LocalCache$Segment.get(LocalCache.java:2050)
	at com.google.common.cache.LocalCache.get(LocalCache.java:3948)
	at com.google.common.cache.LocalCache.getOrLoad(LocalCache.java:3972)
	at com.google.common.cache.LocalCache$LocalLoadingCache.get(LocalCache.java:4957)
	at springfox.documentation.schema.property.CachingModelPropertiesProvider.propertiesFor(CachingModelPropertiesProvider.java:64)
	at springfox.documentation.schema.DefaultModelDependencyProvider.propertiesFor(DefaultModelDependencyProvider.java:241)
	at springfox.documentation.schema.DefaultModelDependencyProvider.nonTrivialProperties(DefaultModelDependencyProvider.java:189)
	at springfox.documentation.schema.DefaultModelDependencyProvider.resolvedPropertiesAndFields(DefaultModelDependencyProvider.java:176)
	at springfox.documentation.schema.DefaultModelDependencyProvider.resolvedDependencies(DefaultModelDependencyProvider.java:120)
	at springfox.documentation.schema.DefaultModelDependencyProvider.resolvedTypeParameters(DefaultModelDependencyProvider.java:165)
	at springfox.documentation.schema.DefaultModelDependencyProvider.resolvedDependencies(DefaultModelDependencyProvider.java:117)
	at springfox.documentation.schema.DefaultModelDependencyProvider.dependentModels(DefaultModelDependencyProvider.java:79)
	at springfox.documentation.schema.CachingModelDependencyProvider$1.load(CachingModelDependencyProvider.java:50)
	at springfox.documentation.schema.CachingModelDependencyProvider$1.load(CachingModelDependencyProvider.java:48)
	at com.google.common.cache.LocalCache$LoadingValueReference.loadFuture(LocalCache.java:3529)
	at com.google.common.cache.LocalCache$Segment.loadSync(LocalCache.java:2278)
	at com.google.common.cache.LocalCache$Segment.lockedGetOrLoad(LocalCache.java:2156)
	at com.google.common.cache.LocalCache$Segment.get(LocalCache.java:2046)
	... 27 more
Caused by: java.lang.NoClassDefFoundError: org/apache/ibatis/type/JdbcType
	at java.lang.Class.getDeclaredMethods0(Native Method)
	at java.lang.Class.privateGetDeclaredMethods(Class.java:2701)
	at java.lang.Class.getDeclaredMethods(Class.java:1975)
	at sun.reflect.annotation.AnnotationType$1.run(AnnotationType.java:112)
	at sun.reflect.annotation.AnnotationType$1.run(AnnotationType.java:109)
	at java.security.AccessController.doPrivileged(Native Method)
	at sun.reflect.annotation.AnnotationType.<init>(AnnotationType.java:109)
	at sun.reflect.annotation.AnnotationType.getInstance(AnnotationType.java:85)
	at sun.reflect.annotation.AnnotationParser.parseAnnotation2(AnnotationParser.java:266)
	at sun.reflect.annotation.AnnotationParser.parseAnnotations2(AnnotationParser.java:120)
	at sun.reflect.annotation.AnnotationParser.parseAnnotations(AnnotationParser.java:72)
	at java.lang.reflect.Field.declaredAnnotations(Field.java:1150)
	at java.lang.reflect.Field.declaredAnnotations(Field.java:1148)
	at java.lang.reflect.Field.getDeclaredAnnotations(Field.java:1139)
	at com.fasterxml.jackson.databind.introspect.AnnotatedFieldCollector._findFields(AnnotatedFieldCollector.java:86)
	at com.fasterxml.jackson.databind.introspect.AnnotatedFieldCollector.collect(AnnotatedFieldCollector.java:48)
	at com.fasterxml.jackson.databind.introspect.AnnotatedFieldCollector.collectFields(AnnotatedFieldCollector.java:43)
	at com.fasterxml.jackson.databind.introspect.AnnotatedClass._fields(AnnotatedClass.java:375)
	at com.fasterxml.jackson.databind.introspect.AnnotatedClass.fields(AnnotatedClass.java:347)
	at com.fasterxml.jackson.databind.introspect.POJOPropertiesCollector._addFields(POJOPropertiesCollector.java:393)
	at com.fasterxml.jackson.databind.introspect.POJOPropertiesCollector.collectAll(POJOPropertiesCollector.java:322)
	at com.fasterxml.jackson.databind.introspect.POJOPropertiesCollector.getPropertyMap(POJOPropertiesCollector.java:287)
	at com.fasterxml.jackson.databind.introspect.POJOPropertiesCollector.getProperties(POJOPropertiesCollector.java:186)
	at com.fasterxml.jackson.databind.introspect.BasicBeanDescription._properties(BasicBeanDescription.java:164)
	at com.fasterxml.jackson.databind.introspect.BasicBeanDescription.findProperties(BasicBeanDescription.java:239)
	at springfox.documentation.schema.property.OptimizedModelPropertiesProvider.propertiesFor(OptimizedModelPropertiesProvider.java:124)
	at springfox.documentation.schema.property.OptimizedModelPropertiesProvider.propertiesFor(OptimizedModelPropertiesProvider.java:118)
	at springfox.documentation.schema.property.CachingModelPropertiesProvider$1.load(CachingModelPropertiesProvider.java:56)
	at springfox.documentation.schema.property.CachingModelPropertiesProvider$1.load(CachingModelPropertiesProvider.java:54)
	at com.google.common.cache.LocalCache$LoadingValueReference.loadFuture(LocalCache.java:3529)
	at com.google.common.cache.LocalCache$Segment.loadSync(LocalCache.java:2278)
	at com.google.common.cache.LocalCache$Segment.lockedGetOrLoad(LocalCache.java:2156)
	at com.google.common.cache.LocalCache$Segment.get(LocalCache.java:2046)
	... 44 more
Caused by: java.lang.ClassNotFoundException: org.apache.ibatis.type.JdbcType
	at java.net.URLClassLoader.findClass(URLClassLoader.java:382)
	at java.lang.ClassLoader.loadClass(ClassLoader.java:418)
	at sun.misc.Launcher$AppClassLoader.loadClass(Launcher.java:355)
	at java.lang.ClassLoader.loadClass(ClassLoader.java:351)
	... 77 more
2023-09-04 10:58:52,020 ERROR [main][SpringApplication.java:837] - Application run failed
org.springframework.context.ApplicationContextException: Failed to start bean 'documentationPluginsBootstrapper'; nested exception is com.google.common.util.concurrent.ExecutionError: com.google.common.util.concurrent.ExecutionError: java.lang.NoClassDefFoundError: org/apache/ibatis/type/JdbcType
	at org.springframework.context.support.DefaultLifecycleProcessor.doStart(DefaultLifecycleProcessor.java:185)
	at org.springframework.context.support.DefaultLifecycleProcessor.access$200(DefaultLifecycleProcessor.java:53)
	at org.springframework.context.support.DefaultLifecycleProcessor$LifecycleGroup.start(DefaultLifecycleProcessor.java:360)
	at org.springframework.context.support.DefaultLifecycleProcessor.startBeans(DefaultLifecycleProcessor.java:158)
	at org.springframework.context.support.DefaultLifecycleProcessor.onRefresh(DefaultLifecycleProcessor.java:122)
	at org.springframework.context.support.AbstractApplicationContext.finishRefresh(AbstractApplicationContext.java:895)
	at org.springframework.context.support.AbstractApplicationContext.refresh(AbstractApplicationContext.java:554)
	at org.springframework.boot.web.servlet.context.ServletWebServerApplicationContext.refresh(ServletWebServerApplicationContext.java:143)
	at org.springframework.boot.SpringApplication.refresh(SpringApplication.java:758)
	at org.springframework.boot.SpringApplication.refresh(SpringApplication.java:750)
	at org.springframework.boot.SpringApplication.refreshContext(SpringApplication.java:405)
	at org.springframework.boot.SpringApplication.run(SpringApplication.java:315)
	at org.springframework.boot.SpringApplication.run(SpringApplication.java:1237)
	at org.springframework.boot.SpringApplication.run(SpringApplication.java:1226)
	at com.xuecheng.ContentApplication.main(ContentApplication.java:11)
Caused by: com.google.common.util.concurrent.ExecutionError: com.google.common.util.concurrent.ExecutionError: java.lang.NoClassDefFoundError: org/apache/ibatis/type/JdbcType
	at com.google.common.cache.LocalCache$Segment.get(LocalCache.java:2050)
	at com.google.common.cache.LocalCache.get(LocalCache.java:3948)
	at com.google.common.cache.LocalCache.getOrLoad(LocalCache.java:3972)
	at com.google.common.cache.LocalCache$LocalLoadingCache.get(LocalCache.java:4957)
	at springfox.documentation.schema.CachingModelDependencyProvider.dependentModels(CachingModelDependencyProvider.java:58)
	at springfox.documentation.schema.DefaultModelProvider.dependencies(DefaultModelProvider.java:128)
	at springfox.documentation.schema.CachingModelProvider.dependencies(CachingModelProvider.java:68)
	at springfox.documentation.spring.web.scanners.ApiModelReader.populateDependencies(ApiModelReader.java:136)
	at springfox.documentation.spring.web.scanners.ApiModelReader.read(ApiModelReader.java:78)
	at springfox.documentation.spring.web.scanners.ApiListingScanner.scan(ApiListingScanner.java:133)
	at springfox.documentation.spring.web.scanners.ApiDocumentationScanner.scan(ApiDocumentationScanner.java:71)
	at springfox.documentation.spring.web.plugins.DocumentationPluginsBootstrapper.scanDocumentation(DocumentationPluginsBootstrapper.java:101)
	at springfox.documentation.spring.web.plugins.DocumentationPluginsBootstrapper.start(DocumentationPluginsBootstrapper.java:167)
	at org.springframework.context.support.DefaultLifecycleProcessor.doStart(DefaultLifecycleProcessor.java:182)
	... 14 more
Caused by: com.google.common.util.concurrent.ExecutionError: java.lang.NoClassDefFoundError: org/apache/ibatis/type/JdbcType
	at com.google.common.cache.LocalCache$Segment.get(LocalCache.java:2050)
	at com.google.common.cache.LocalCache.get(LocalCache.java:3948)
	at com.google.common.cache.LocalCache.getOrLoad(LocalCache.java:3972)
	at com.google.common.cache.LocalCache$LocalLoadingCache.get(LocalCache.java:4957)
	at springfox.documentation.schema.property.CachingModelPropertiesProvider.propertiesFor(CachingModelPropertiesProvider.java:64)
	at springfox.documentation.schema.DefaultModelDependencyProvider.propertiesFor(DefaultModelDependencyProvider.java:241)
	at springfox.documentation.schema.DefaultModelDependencyProvider.nonTrivialProperties(DefaultModelDependencyProvider.java:189)
	at springfox.documentation.schema.DefaultModelDependencyProvider.resolvedPropertiesAndFields(DefaultModelDependencyProvider.java:176)
	at springfox.documentation.schema.DefaultModelDependencyProvider.resolvedDependencies(DefaultModelDependencyProvider.java:120)
	at springfox.documentation.schema.DefaultModelDependencyProvider.resolvedTypeParameters(DefaultModelDependencyProvider.java:165)
	at springfox.documentation.schema.DefaultModelDependencyProvider.resolvedDependencies(DefaultModelDependencyProvider.java:117)
	at springfox.documentation.schema.DefaultModelDependencyProvider.dependentModels(DefaultModelDependencyProvider.java:79)
	at springfox.documentation.schema.CachingModelDependencyProvider$1.load(CachingModelDependencyProvider.java:50)
	at springfox.documentation.schema.CachingModelDependencyProvider$1.load(CachingModelDependencyProvider.java:48)
	at com.google.common.cache.LocalCache$LoadingValueReference.loadFuture(LocalCache.java:3529)
	at com.google.common.cache.LocalCache$Segment.loadSync(LocalCache.java:2278)
	at com.google.common.cache.LocalCache$Segment.lockedGetOrLoad(LocalCache.java:2156)
	at com.google.common.cache.LocalCache$Segment.get(LocalCache.java:2046)
	... 27 more
Caused by: java.lang.NoClassDefFoundError: org/apache/ibatis/type/JdbcType
	at java.lang.Class.getDeclaredMethods0(Native Method)
	at java.lang.Class.privateGetDeclaredMethods(Class.java:2701)
	at java.lang.Class.getDeclaredMethods(Class.java:1975)
	at sun.reflect.annotation.AnnotationType$1.run(AnnotationType.java:112)
	at sun.reflect.annotation.AnnotationType$1.run(AnnotationType.java:109)
	at java.security.AccessController.doPrivileged(Native Method)
	at sun.reflect.annotation.AnnotationType.<init>(AnnotationType.java:109)
	at sun.reflect.annotation.AnnotationType.getInstance(AnnotationType.java:85)
	at sun.reflect.annotation.AnnotationParser.parseAnnotation2(AnnotationParser.java:266)
	at sun.reflect.annotation.AnnotationParser.parseAnnotations2(AnnotationParser.java:120)
	at sun.reflect.annotation.AnnotationParser.parseAnnotations(AnnotationParser.java:72)
	at java.lang.reflect.Field.declaredAnnotations(Field.java:1150)
	at java.lang.reflect.Field.declaredAnnotations(Field.java:1148)
	at java.lang.reflect.Field.getDeclaredAnnotations(Field.java:1139)
	at com.fasterxml.jackson.databind.introspect.AnnotatedFieldCollector._findFields(AnnotatedFieldCollector.java:86)
	at com.fasterxml.jackson.databind.introspect.AnnotatedFieldCollector.collect(AnnotatedFieldCollector.java:48)
	at com.fasterxml.jackson.databind.introspect.AnnotatedFieldCollector.collectFields(AnnotatedFieldCollector.java:43)
	at com.fasterxml.jackson.databind.introspect.AnnotatedClass._fields(AnnotatedClass.java:375)
	at com.fasterxml.jackson.databind.introspect.AnnotatedClass.fields(AnnotatedClass.java:347)
	at com.fasterxml.jackson.databind.introspect.POJOPropertiesCollector._addFields(POJOPropertiesCollector.java:393)
	at com.fasterxml.jackson.databind.introspect.POJOPropertiesCollector.collectAll(POJOPropertiesCollector.java:322)
	at com.fasterxml.jackson.databind.introspect.POJOPropertiesCollector.getPropertyMap(POJOPropertiesCollector.java:287)
	at com.fasterxml.jackson.databind.introspect.POJOPropertiesCollector.getProperties(POJOPropertiesCollector.java:186)
	at com.fasterxml.jackson.databind.introspect.BasicBeanDescription._properties(BasicBeanDescription.java:164)
	at com.fasterxml.jackson.databind.introspect.BasicBeanDescription.findProperties(BasicBeanDescription.java:239)
	at springfox.documentation.schema.property.OptimizedModelPropertiesProvider.propertiesFor(OptimizedModelPropertiesProvider.java:124)
	at springfox.documentation.schema.property.OptimizedModelPropertiesProvider.propertiesFor(OptimizedModelPropertiesProvider.java:118)
	at springfox.documentation.schema.property.CachingModelPropertiesProvider$1.load(CachingModelPropertiesProvider.java:56)
	at springfox.documentation.schema.property.CachingModelPropertiesProvider$1.load(CachingModelPropertiesProvider.java:54)
	at com.google.common.cache.LocalCache$LoadingValueReference.loadFuture(LocalCache.java:3529)
	at com.google.common.cache.LocalCache$Segment.loadSync(LocalCache.java:2278)
	at com.google.common.cache.LocalCache$Segment.lockedGetOrLoad(LocalCache.java:2156)
	at com.google.common.cache.LocalCache$Segment.get(LocalCache.java:2046)
	... 44 more
Caused by: java.lang.ClassNotFoundException: org.apache.ibatis.type.JdbcType
	at java.net.URLClassLoader.findClass(URLClassLoader.java:382)
	at java.lang.ClassLoader.loadClass(ClassLoader.java:418)
	at sun.misc.Launcher$AppClassLoader.loadClass(Launcher.java:355)
	at java.lang.ClassLoader.loadClass(ClassLoader.java:351)
	... 77 more
2023-09-04 10:59:20,489 ERROR [main][SpringApplication.java:837] - Application run failed
org.springframework.context.ApplicationContextException: Failed to start bean 'documentationPluginsBootstrapper'; nested exception is com.google.common.util.concurrent.ExecutionError: com.google.common.util.concurrent.ExecutionError: java.lang.NoClassDefFoundError: org/apache/ibatis/type/JdbcType
	at org.springframework.context.support.DefaultLifecycleProcessor.doStart(DefaultLifecycleProcessor.java:185)
	at org.springframework.context.support.DefaultLifecycleProcessor.access$200(DefaultLifecycleProcessor.java:53)
	at org.springframework.context.support.DefaultLifecycleProcessor$LifecycleGroup.start(DefaultLifecycleProcessor.java:360)
	at org.springframework.context.support.DefaultLifecycleProcessor.startBeans(DefaultLifecycleProcessor.java:158)
	at org.springframework.context.support.DefaultLifecycleProcessor.onRefresh(DefaultLifecycleProcessor.java:122)
	at org.springframework.context.support.AbstractApplicationContext.finishRefresh(AbstractApplicationContext.java:895)
	at org.springframework.context.support.AbstractApplicationContext.refresh(AbstractApplicationContext.java:554)
	at org.springframework.boot.web.servlet.context.ServletWebServerApplicationContext.refresh(ServletWebServerApplicationContext.java:143)
	at org.springframework.boot.SpringApplication.refresh(SpringApplication.java:758)
	at org.springframework.boot.SpringApplication.refresh(SpringApplication.java:750)
	at org.springframework.boot.SpringApplication.refreshContext(SpringApplication.java:405)
	at org.springframework.boot.SpringApplication.run(SpringApplication.java:315)
	at org.springframework.boot.SpringApplication.run(SpringApplication.java:1237)
	at org.springframework.boot.SpringApplication.run(SpringApplication.java:1226)
	at com.xuecheng.ContentApplication.main(ContentApplication.java:11)
Caused by: com.google.common.util.concurrent.ExecutionError: com.google.common.util.concurrent.ExecutionError: java.lang.NoClassDefFoundError: org/apache/ibatis/type/JdbcType
	at com.google.common.cache.LocalCache$Segment.get(LocalCache.java:2050)
	at com.google.common.cache.LocalCache.get(LocalCache.java:3948)
	at com.google.common.cache.LocalCache.getOrLoad(LocalCache.java:3972)
	at com.google.common.cache.LocalCache$LocalLoadingCache.get(LocalCache.java:4957)
	at springfox.documentation.schema.CachingModelDependencyProvider.dependentModels(CachingModelDependencyProvider.java:58)
	at springfox.documentation.schema.DefaultModelProvider.dependencies(DefaultModelProvider.java:128)
	at springfox.documentation.schema.CachingModelProvider.dependencies(CachingModelProvider.java:68)
	at springfox.documentation.spring.web.scanners.ApiModelReader.populateDependencies(ApiModelReader.java:136)
	at springfox.documentation.spring.web.scanners.ApiModelReader.read(ApiModelReader.java:78)
	at springfox.documentation.spring.web.scanners.ApiListingScanner.scan(ApiListingScanner.java:133)
	at springfox.documentation.spring.web.scanners.ApiDocumentationScanner.scan(ApiDocumentationScanner.java:71)
	at springfox.documentation.spring.web.plugins.DocumentationPluginsBootstrapper.scanDocumentation(DocumentationPluginsBootstrapper.java:101)
	at springfox.documentation.spring.web.plugins.DocumentationPluginsBootstrapper.start(DocumentationPluginsBootstrapper.java:167)
	at org.springframework.context.support.DefaultLifecycleProcessor.doStart(DefaultLifecycleProcessor.java:182)
	... 14 more
Caused by: com.google.common.util.concurrent.ExecutionError: java.lang.NoClassDefFoundError: org/apache/ibatis/type/JdbcType
	at com.google.common.cache.LocalCache$Segment.get(LocalCache.java:2050)
	at com.google.common.cache.LocalCache.get(LocalCache.java:3948)
	at com.google.common.cache.LocalCache.getOrLoad(LocalCache.java:3972)
	at com.google.common.cache.LocalCache$LocalLoadingCache.get(LocalCache.java:4957)
	at springfox.documentation.schema.property.CachingModelPropertiesProvider.propertiesFor(CachingModelPropertiesProvider.java:64)
	at springfox.documentation.schema.DefaultModelDependencyProvider.propertiesFor(DefaultModelDependencyProvider.java:241)
	at springfox.documentation.schema.DefaultModelDependencyProvider.nonTrivialProperties(DefaultModelDependencyProvider.java:189)
	at springfox.documentation.schema.DefaultModelDependencyProvider.resolvedPropertiesAndFields(DefaultModelDependencyProvider.java:176)
	at springfox.documentation.schema.DefaultModelDependencyProvider.resolvedDependencies(DefaultModelDependencyProvider.java:120)
	at springfox.documentation.schema.DefaultModelDependencyProvider.resolvedTypeParameters(DefaultModelDependencyProvider.java:165)
	at springfox.documentation.schema.DefaultModelDependencyProvider.resolvedDependencies(DefaultModelDependencyProvider.java:117)
	at springfox.documentation.schema.DefaultModelDependencyProvider.dependentModels(DefaultModelDependencyProvider.java:79)
	at springfox.documentation.schema.CachingModelDependencyProvider$1.load(CachingModelDependencyProvider.java:50)
	at springfox.documentation.schema.CachingModelDependencyProvider$1.load(CachingModelDependencyProvider.java:48)
	at com.google.common.cache.LocalCache$LoadingValueReference.loadFuture(LocalCache.java:3529)
	at com.google.common.cache.LocalCache$Segment.loadSync(LocalCache.java:2278)
	at com.google.common.cache.LocalCache$Segment.lockedGetOrLoad(LocalCache.java:2156)
	at com.google.common.cache.LocalCache$Segment.get(LocalCache.java:2046)
	... 27 more
Caused by: java.lang.NoClassDefFoundError: org/apache/ibatis/type/JdbcType
	at java.lang.Class.getDeclaredMethods0(Native Method)
	at java.lang.Class.privateGetDeclaredMethods(Class.java:2701)
	at java.lang.Class.getDeclaredMethods(Class.java:1975)
	at sun.reflect.annotation.AnnotationType$1.run(AnnotationType.java:112)
	at sun.reflect.annotation.AnnotationType$1.run(AnnotationType.java:109)
	at java.security.AccessController.doPrivileged(Native Method)
	at sun.reflect.annotation.AnnotationType.<init>(AnnotationType.java:109)
	at sun.reflect.annotation.AnnotationType.getInstance(AnnotationType.java:85)
	at sun.reflect.annotation.AnnotationParser.parseAnnotation2(AnnotationParser.java:266)
	at sun.reflect.annotation.AnnotationParser.parseAnnotations2(AnnotationParser.java:120)
	at sun.reflect.annotation.AnnotationParser.parseAnnotations(AnnotationParser.java:72)
	at java.lang.reflect.Field.declaredAnnotations(Field.java:1150)
	at java.lang.reflect.Field.declaredAnnotations(Field.java:1148)
	at java.lang.reflect.Field.getDeclaredAnnotations(Field.java:1139)
	at com.fasterxml.jackson.databind.introspect.AnnotatedFieldCollector._findFields(AnnotatedFieldCollector.java:86)
	at com.fasterxml.jackson.databind.introspect.AnnotatedFieldCollector.collect(AnnotatedFieldCollector.java:48)
	at com.fasterxml.jackson.databind.introspect.AnnotatedFieldCollector.collectFields(AnnotatedFieldCollector.java:43)
	at com.fasterxml.jackson.databind.introspect.AnnotatedClass._fields(AnnotatedClass.java:375)
	at com.fasterxml.jackson.databind.introspect.AnnotatedClass.fields(AnnotatedClass.java:347)
	at com.fasterxml.jackson.databind.introspect.POJOPropertiesCollector._addFields(POJOPropertiesCollector.java:393)
	at com.fasterxml.jackson.databind.introspect.POJOPropertiesCollector.collectAll(POJOPropertiesCollector.java:322)
	at com.fasterxml.jackson.databind.introspect.POJOPropertiesCollector.getPropertyMap(POJOPropertiesCollector.java:287)
	at com.fasterxml.jackson.databind.introspect.POJOPropertiesCollector.getProperties(POJOPropertiesCollector.java:186)
	at com.fasterxml.jackson.databind.introspect.BasicBeanDescription._properties(BasicBeanDescription.java:164)
	at com.fasterxml.jackson.databind.introspect.BasicBeanDescription.findProperties(BasicBeanDescription.java:239)
	at springfox.documentation.schema.property.OptimizedModelPropertiesProvider.propertiesFor(OptimizedModelPropertiesProvider.java:124)
	at springfox.documentation.schema.property.OptimizedModelPropertiesProvider.propertiesFor(OptimizedModelPropertiesProvider.java:118)
	at springfox.documentation.schema.property.CachingModelPropertiesProvider$1.load(CachingModelPropertiesProvider.java:56)
	at springfox.documentation.schema.property.CachingModelPropertiesProvider$1.load(CachingModelPropertiesProvider.java:54)
	at com.google.common.cache.LocalCache$LoadingValueReference.loadFuture(LocalCache.java:3529)
	at com.google.common.cache.LocalCache$Segment.loadSync(LocalCache.java:2278)
	at com.google.common.cache.LocalCache$Segment.lockedGetOrLoad(LocalCache.java:2156)
	at com.google.common.cache.LocalCache$Segment.get(LocalCache.java:2046)
	... 44 more
Caused by: java.lang.ClassNotFoundException: org.apache.ibatis.type.JdbcType
	at java.net.URLClassLoader.findClass(URLClassLoader.java:382)
	at java.lang.ClassLoader.loadClass(ClassLoader.java:418)
	at sun.misc.Launcher$AppClassLoader.loadClass(Launcher.java:355)
	at java.lang.ClassLoader.loadClass(ClassLoader.java:351)
	... 77 more
